<?xml version="1.0" encoding="UTF-8"?>
<!-- Generated by org.testng.reporters.JUnitReportReporter -->
<testsuite hostname="JIGAR" failures="0" tests="1" name="recordingCase.RecordingCaseDemo_TestNG" time="97.484" errors="0" timestamp="06 Jan 2019 17:23:59 GMT" skipped="0">
  <testcase classname="recordingCase.RecordingCaseDemo_TestNG" name="test" time="97.484"/>
</testsuite> <!-- recordingCase.RecordingCaseDemo_TestNG -->
